
> frontend@0.1.0 build
> next build

▲ Next.js 16.2.4 (Turbopack)

  Creating an optimized production build ...
✓ Compiled successfully in 17.8s
  Running TypeScript ...
  Finished TypeScript in 11.1s ...
  Collecting page data using 6 workers ...
  Generating static pages using 6 workers (0/4) ...
  Generating static pages using 6 workers (1/4) 
  Generating static pages using 6 workers (2/4) 
  Generating static pages using 6 workers (3/4) 
✓ Generating static pages using 6 workers (4/4) in 1440ms
  Finalizing page optimization ...

Route (app)
┌ ○ /
├ ○ /_not-found
└ ƒ /surah/[id]


○  (Static)   prerendered as static content
ƒ  (Dynamic)  server-rendered on demand

